This is pdfTeX, Version 3.141592653-2.6-1.40.24 (MiKTeX 22.10) (preloaded format=pdflatex 2022.11.23)  6 MAR 2023 00:40
entering extended mode
 restricted \write18 enabled.
 %&-line parsing enabled.
**./f_report.tex
(f_report.tex
LaTeX2e <2022-11-01>
L3 programming layer <2022-11-02>
(C:\Users\ssppy\AppData\Local\Programs\MiKTeX\tex/latex/base\book.cls
Document Class: book 2022/07/02 v1.4n Standard LaTeX document class
(C:\Users\ssppy\AppData\Local\Programs\MiKTeX\tex/latex/base\bk11.clo
File: bk11.clo 2022/07/02 v1.4n Standard LaTeX file (size option)
)
\c@part=\count185
\c@chapter=\count186
\c@section=\count187
\c@subsection=\count188
\c@subsubsection=\count189
\c@paragraph=\count190
\c@subparagraph=\count191
\c@figure=\count192
\c@table=\count193
\abovecaptionskip=\skip47
\belowcaptionskip=\skip48
\bibindent=\dimen140
)
(C:\Users\ssppy\AppData\Local\Programs\MiKTeX\tex/latex/greek-fontenc\alphabeta
.sty
Package: alphabeta 2020/10/13 2.0 macros for Greek letters in text and math

(C:\Users\ssppy\AppData\Local\Programs\MiKTeX\tex/latex/greek-fontenc\textalpha
.sty
Package: textalpha 2020/10/30 2.0 macros for Greek letters in text

(C:\Users\ssppy\AppData\Local\Programs\MiKTeX\tex/latex/greek-fontenc\lgrenc.de
f
File: lgrenc.def 2022/06/14 2.1 LGR Greek font encoding definitions
Now handling font encoding LGR ...
... processing UTF-8 mapping file for font encoding LGR

(C:\Users\ssppy\AppData\Local\Programs\MiKTeX\tex/latex/greek-inputenc\lgrenc.d
fu
File: lgrenc.dfu 2019/07/11 1.7 UTF-8 support for Greek
   defining Unicode char U+00A8 (decimal 168)
   defining Unicode char U+00AB (decimal 171)
   defining Unicode char U+00AF (decimal 175)
   defining Unicode char U+00B4 (decimal 180)
   defining Unicode char U+00B7 (decimal 183)
   defining Unicode char U+00BB (decimal 187)
   defining Unicode char U+0259 (decimal 601)
   defining Unicode char U+02D8 (decimal 728)
   defining Unicode char U+0374 (decimal 884)
   defining Unicode char U+0375 (decimal 885)
   defining Unicode char U+037A (decimal 890)
   defining Unicode char U+037E (decimal 894)
   defining Unicode char U+0384 (decimal 900)
   defining Unicode char U+0385 (decimal 901)
   defining Unicode char U+0386 (decimal 902)
   defining Unicode char U+0387 (decimal 903)
   defining Unicode char U+0388 (decimal 904)
   defining Unicode char U+0389 (decimal 905)
   defining Unicode char U+038A (decimal 906)
   defining Unicode char U+038C (decimal 908)
   defining Unicode char U+038E (decimal 910)
   defining Unicode char U+038F (decimal 911)
   defining Unicode char U+0390 (decimal 912)
   defining Unicode char U+0391 (decimal 913)
   defining Unicode char U+0392 (decimal 914)
   defining Unicode char U+0393 (decimal 915)
   defining Unicode char U+0394 (decimal 916)
   defining Unicode char U+0395 (decimal 917)
   defining Unicode char U+0396 (decimal 918)
   defining Unicode char U+0397 (decimal 919)
   defining Unicode char U+0398 (decimal 920)
   defining Unicode char U+0399 (decimal 921)
   defining Unicode char U+039A (decimal 922)
   defining Unicode char U+039B (decimal 923)
   defining Unicode char U+039C (decimal 924)
   defining Unicode char U+039D (decimal 925)
   defining Unicode char U+039E (decimal 926)
   defining Unicode char U+039F (decimal 927)
   defining Unicode char U+03A0 (decimal 928)
   defining Unicode char U+03A1 (decimal 929)
   defining Unicode char U+03A3 (decimal 931)
   defining Unicode char U+03A4 (decimal 932)
   defining Unicode char U+03A5 (decimal 933)
   defining Unicode char U+03A6 (decimal 934)
   defining Unicode char U+03A7 (decimal 935)
   defining Unicode char U+03A8 (decimal 936)
   defining Unicode char U+03A9 (decimal 937)
   defining Unicode char U+03AA (decimal 938)
   defining Unicode char U+03AB (decimal 939)
   defining Unicode char U+03AC (decimal 940)
   defining Unicode char U+03AD (decimal 941)
   defining Unicode char U+03AE (decimal 942)
   defining Unicode char U+03AF (decimal 943)
   defining Unicode char U+03B0 (decimal 944)
   defining Unicode char U+03B1 (decimal 945)
   defining Unicode char U+03B2 (decimal 946)
   defining Unicode char U+03B3 (decimal 947)
   defining Unicode char U+03B4 (decimal 948)
   defining Unicode char U+03B5 (decimal 949)
   defining Unicode char U+03B6 (decimal 950)
   defining Unicode char U+03B7 (decimal 951)
   defining Unicode char U+03B8 (decimal 952)
   defining Unicode char U+03B9 (decimal 953)
   defining Unicode char U+03BA (decimal 954)
   defining Unicode char U+03BB (decimal 955)
   defining Unicode char U+03BC (decimal 956)
   defining Unicode char U+03BD (decimal 957)
   defining Unicode char U+03BE (decimal 958)
   defining Unicode char U+03BF (decimal 959)
   defining Unicode char U+03C0 (decimal 960)
   defining Unicode char U+03C1 (decimal 961)
   defining Unicode char U+03C2 (decimal 962)
   defining Unicode char U+03C3 (decimal 963)
   defining Unicode char U+03C4 (decimal 964)
   defining Unicode char U+03C5 (decimal 965)
   defining Unicode char U+03C6 (decimal 966)
   defining Unicode char U+03C7 (decimal 967)
   defining Unicode char U+03C8 (decimal 968)
   defining Unicode char U+03C9 (decimal 969)
   defining Unicode char U+03CA (decimal 970)
   defining Unicode char U+03CB (decimal 971)
   defining Unicode char U+03CC (decimal 972)
   defining Unicode char U+03CD (decimal 973)
   defining Unicode char U+03CE (decimal 974)
   defining Unicode char U+03D0 (decimal 976)
   defining Unicode char U+03D1 (decimal 977)
   defining Unicode char U+03D5 (decimal 981)
   defining Unicode char U+03D6 (decimal 982)
   defining Unicode char U+03D8 (decimal 984)
   defining Unicode char U+03D9 (decimal 985)
   defining Unicode char U+03DA (decimal 986)
   defining Unicode char U+03DB (decimal 987)
   defining Unicode char U+03DC (decimal 988)
   defining Unicode char U+03DD (decimal 989)
   defining Unicode char U+03DF (decimal 991)
   defining Unicode char U+03E0 (decimal 992)
   defining Unicode char U+03E1 (decimal 993)
   defining Unicode char U+03F0 (decimal 1008)
   defining Unicode char U+03F1 (decimal 1009)
   defining Unicode char U+03F4 (decimal 1012)
   defining Unicode char U+03F5 (decimal 1013)
   defining Unicode char U+1F00 (decimal 7936)
   defining Unicode char U+1F01 (decimal 7937)
   defining Unicode char U+1F02 (decimal 7938)
   defining Unicode char U+1F03 (decimal 7939)
   defining Unicode char U+1F04 (decimal 7940)
   defining Unicode char U+1F05 (decimal 7941)
   defining Unicode char U+1F06 (decimal 7942)
   defining Unicode char U+1F07 (decimal 7943)
   defining Unicode char U+1F08 (decimal 7944)
   defining Unicode char U+1F09 (decimal 7945)
   defining Unicode char U+1F0A (decimal 7946)
   defining Unicode char U+1F0B (decimal 7947)
   defining Unicode char U+1F0C (decimal 7948)
   defining Unicode char U+1F0D (decimal 7949)
   defining Unicode char U+1F0E (decimal 7950)
   defining Unicode char U+1F0F (decimal 7951)
   defining Unicode char U+1F10 (decimal 7952)
   defining Unicode char U+1F11 (decimal 7953)
   defining Unicode char U+1F12 (decimal 7954)
   defining Unicode char U+1F13 (decimal 7955)
   defining Unicode char U+1F14 (decimal 7956)
   defining Unicode char U+1F15 (decimal 7957)
   defining Unicode char U+1F18 (decimal 7960)
   defining Unicode char U+1F19 (decimal 7961)
   defining Unicode char U+1F1A (decimal 7962)
   defining Unicode char U+1F1B (decimal 7963)
   defining Unicode char U+1F1C (decimal 7964)
   defining Unicode char U+1F1D (decimal 7965)
   defining Unicode char U+1F20 (decimal 7968)
   defining Unicode char U+1F21 (decimal 7969)
   defining Unicode char U+1F22 (decimal 7970)
   defining Unicode char U+1F23 (decimal 7971)
   defining Unicode char U+1F24 (decimal 7972)
   defining Unicode char U+1F25 (decimal 7973)
   defining Unicode char U+1F26 (decimal 7974)
   defining Unicode char U+1F27 (decimal 7975)
   defining Unicode char U+1F28 (decimal 7976)
   defining Unicode char U+1F29 (decimal 7977)
   defining Unicode char U+1F2A (decimal 7978)
   defining Unicode char U+1F2B (decimal 7979)
   defining Unicode char U+1F2C (decimal 7980)
   defining Unicode char U+1F2D (decimal 7981)
   defining Unicode char U+1F2E (decimal 7982)
   defining Unicode char U+1F2F (decimal 7983)
   defining Unicode char U+1F30 (decimal 7984)
   defining Unicode char U+1F31 (decimal 7985)
   defining Unicode char U+1F32 (decimal 7986)
   defining Unicode char U+1F33 (decimal 7987)
   defining Unicode char U+1F34 (decimal 7988)
   defining Unicode char U+1F35 (decimal 7989)
   defining Unicode char U+1F36 (decimal 7990)
   defining Unicode char U+1F37 (decimal 7991)
   defining Unicode char U+1F38 (decimal 7992)
   defining Unicode char U+1F39 (decimal 7993)
   defining Unicode char U+1F3A (decimal 7994)
   defining Unicode char U+1F3B (decimal 7995)
   defining Unicode char U+1F3C (decimal 7996)
   defining Unicode char U+1F3D (decimal 7997)
   defining Unicode char U+1F3E (decimal 7998)
   defining Unicode char U+1F3F (decimal 7999)
   defining Unicode char U+1F40 (decimal 8000)
   defining Unicode char U+1F41 (decimal 8001)
   defining Unicode char U+1F42 (decimal 8002)
   defining Unicode char U+1F43 (decimal 8003)
   defining Unicode char U+1F44 (decimal 8004)
   defining Unicode char U+1F45 (decimal 8005)
   defining Unicode char U+1F48 (decimal 8008)
   defining Unicode char U+1F49 (decimal 8009)
   defining Unicode char U+1F4A (decimal 8010)
   defining Unicode char U+1F4B (decimal 8011)
   defining Unicode char U+1F4C (decimal 8012)
   defining Unicode char U+1F4D (decimal 8013)
   defining Unicode char U+1F50 (decimal 8016)
   defining Unicode char U+1F51 (decimal 8017)
   defining Unicode char U+1F52 (decimal 8018)
   defining Unicode char U+1F53 (decimal 8019)
   defining Unicode char U+1F54 (decimal 8020)
   defining Unicode char U+1F55 (decimal 8021)
   defining Unicode char U+1F56 (decimal 8022)
   defining Unicode char U+1F57 (decimal 8023)
   defining Unicode char U+1F59 (decimal 8025)
   defining Unicode char U+1F5B (decimal 8027)
   defining Unicode char U+1F5D (decimal 8029)
   defining Unicode char U+1F5F (decimal 8031)
   defining Unicode char U+1F60 (decimal 8032)
   defining Unicode char U+1F61 (decimal 8033)
   defining Unicode char U+1F62 (decimal 8034)
   defining Unicode char U+1F63 (decimal 8035)
   defining Unicode char U+1F64 (decimal 8036)
   defining Unicode char U+1F65 (decimal 8037)
   defining Unicode char U+1F66 (decimal 8038)
   defining Unicode char U+1F67 (decimal 8039)
   defining Unicode char U+1F68 (decimal 8040)
   defining Unicode char U+1F69 (decimal 8041)
   defining Unicode char U+1F6A (decimal 8042)
   defining Unicode char U+1F6B (decimal 8043)
   defining Unicode char U+1F6C (decimal 8044)
   defining Unicode char U+1F6D (decimal 8045)
   defining Unicode char U+1F6E (decimal 8046)
   defining Unicode char U+1F6F (decimal 8047)
   defining Unicode char U+1F70 (decimal 8048)
   defining Unicode char U+1F71 (decimal 8049)
   defining Unicode char U+1F72 (decimal 8050)
   defining Unicode char U+1F73 (decimal 8051)
   defining Unicode char U+1F74 (decimal 8052)
   defining Unicode char U+1F75 (decimal 8053)
   defining Unicode char U+1F76 (decimal 8054)
   defining Unicode char U+1F77 (decimal 8055)
   defining Unicode char U+1F78 (decimal 8056)
   defining Unicode char U+1F79 (decimal 8057)
   defining Unicode char U+1F7A (decimal 8058)
   defining Unicode char U+1F7B (decimal 8059)
   defining Unicode char U+1F7C (decimal 8060)
   defining Unicode char U+1F7D (decimal 8061)
   defining Unicode char U+1F80 (decimal 8064)
   defining Unicode char U+1F81 (decimal 8065)
   defining Unicode char U+1F82 (decimal 8066)
   defining Unicode char U+1F83 (decimal 8067)
   defining Unicode char U+1F84 (decimal 8068)
   defining Unicode char U+1F85 (decimal 8069)
   defining Unicode char U+1F86 (decimal 8070)
   defining Unicode char U+1F87 (decimal 8071)
   defining Unicode char U+1F88 (decimal 8072)
   defining Unicode char U+1F89 (decimal 8073)
   defining Unicode char U+1F8A (decimal 8074)
   defining Unicode char U+1F8B (decimal 8075)
   defining Unicode char U+1F8C (decimal 8076)
   defining Unicode char U+1F8D (decimal 8077)
   defining Unicode char U+1F8E (decimal 8078)
   defining Unicode char U+1F8F (decimal 8079)
   defining Unicode char U+1F90 (decimal 8080)
   defining Unicode char U+1F91 (decimal 8081)
   defining Unicode char U+1F92 (decimal 8082)
   defining Unicode char U+1F93 (decimal 8083)
   defining Unicode char U+1F94 (decimal 8084)
   defining Unicode char U+1F95 (decimal 8085)
   defining Unicode char U+1F96 (decimal 8086)
   defining Unicode char U+1F97 (decimal 8087)
   defining Unicode char U+1F98 (decimal 8088)
   defining Unicode char U+1F99 (decimal 8089)
   defining Unicode char U+1F9A (decimal 8090)
   defining Unicode char U+1F9B (decimal 8091)
   defining Unicode char U+1F9C (decimal 8092)
   defining Unicode char U+1F9D (decimal 8093)
   defining Unicode char U+1F9E (decimal 8094)
   defining Unicode char U+1F9F (decimal 8095)
   defining Unicode char U+1FA0 (decimal 8096)
   defining Unicode char U+1FA1 (decimal 8097)
   defining Unicode char U+1FA2 (decimal 8098)
   defining Unicode char U+1FA3 (decimal 8099)
   defining Unicode char U+1FA4 (decimal 8100)
   defining Unicode char U+1FA5 (decimal 8101)
   defining Unicode char U+1FA6 (decimal 8102)
   defining Unicode char U+1FA7 (decimal 8103)
   defining Unicode char U+1FA8 (decimal 8104)
   defining Unicode char U+1FA9 (decimal 8105)
   defining Unicode char U+1FAA (decimal 8106)
   defining Unicode char U+1FAB (decimal 8107)
   defining Unicode char U+1FAC (decimal 8108)
   defining Unicode char U+1FAD (decimal 8109)
   defining Unicode char U+1FAE (decimal 8110)
   defining Unicode char U+1FAF (decimal 8111)
   defining Unicode char U+1FB0 (decimal 8112)
   defining Unicode char U+1FB1 (decimal 8113)
   defining Unicode char U+1FB2 (decimal 8114)
   defining Unicode char U+1FB3 (decimal 8115)
   defining Unicode char U+1FB4 (decimal 8116)
   defining Unicode char U+1FB6 (decimal 8118)
   defining Unicode char U+1FB7 (decimal 8119)
   defining Unicode char U+1FB8 (decimal 8120)
   defining Unicode char U+1FB9 (decimal 8121)
   defining Unicode char U+1FBA (decimal 8122)
   defining Unicode char U+1FBB (decimal 8123)
   defining Unicode char U+1FBC (decimal 8124)
   defining Unicode char U+1FBD (decimal 8125)
   defining Unicode char U+1FBE (decimal 8126)
   defining Unicode char U+1FBF (decimal 8127)
   defining Unicode char U+1FC0 (decimal 8128)
   defining Unicode char U+1FC1 (decimal 8129)
   defining Unicode char U+1FC2 (decimal 8130)
   defining Unicode char U+1FC3 (decimal 8131)
   defining Unicode char U+1FC4 (decimal 8132)
   defining Unicode char U+1FC6 (decimal 8134)
   defining Unicode char U+1FC7 (decimal 8135)
   defining Unicode char U+1FC8 (decimal 8136)
   defining Unicode char U+1FC9 (decimal 8137)
   defining Unicode char U+1FCA (decimal 8138)
   defining Unicode char U+1FCB (decimal 8139)
   defining Unicode char U+1FCC (decimal 8140)
   defining Unicode char U+1FCD (decimal 8141)
   defining Unicode char U+1FCE (decimal 8142)
   defining Unicode char U+1FCF (decimal 8143)
   defining Unicode char U+1FD0 (decimal 8144)
   defining Unicode char U+1FD1 (decimal 8145)
   defining Unicode char U+1FD2 (decimal 8146)
   defining Unicode char U+1FD3 (decimal 8147)
   defining Unicode char U+1FD6 (decimal 8150)
   defining Unicode char U+1FD7 (decimal 8151)
   defining Unicode char U+1FD8 (decimal 8152)
   defining Unicode char U+1FD9 (decimal 8153)
   defining Unicode char U+1FDA (decimal 8154)
   defining Unicode char U+1FDB (decimal 8155)
   defining Unicode char U+1FDD (decimal 8157)
   defining Unicode char U+1FDE (decimal 8158)
   defining Unicode char U+1FDF (decimal 8159)
   defining Unicode char U+1FE0 (decimal 8160)
   defining Unicode char U+1FE1 (decimal 8161)
   defining Unicode char U+1FE2 (decimal 8162)
   defining Unicode char U+1FE3 (decimal 8163)
   defining Unicode char U+1FE4 (decimal 8164)
   defining Unicode char U+1FE5 (decimal 8165)
   defining Unicode char U+1FE6 (decimal 8166)
   defining Unicode char U+1FE7 (decimal 8167)
   defining Unicode char U+1FE8 (decimal 8168)
   defining Unicode char U+1FE9 (decimal 8169)
   defining Unicode char U+1FEA (decimal 8170)
   defining Unicode char U+1FEB (decimal 8171)
   defining Unicode char U+1FEC (decimal 8172)
   defining Unicode char U+1FED (decimal 8173)
   defining Unicode char U+1FEE (decimal 8174)
   defining Unicode char U+1FEF (decimal 8175)
   defining Unicode char U+1FF2 (decimal 8178)
   defining Unicode char U+1FF3 (decimal 8179)
   defining Unicode char U+1FF4 (decimal 8180)
   defining Unicode char U+1FF6 (decimal 8182)
   defining Unicode char U+1FF7 (decimal 8183)
   defining Unicode char U+1FF8 (decimal 8184)
   defining Unicode char U+1FF9 (decimal 8185)
   defining Unicode char U+1FFA (decimal 8186)
   defining Unicode char U+1FFB (decimal 8187)
   defining Unicode char U+1FFC (decimal 8188)
   defining Unicode char U+1FFD (decimal 8189)
   defining Unicode char U+1FFE (decimal 8190)
   defining Unicode char U+2013 (decimal 8211)
   defining Unicode char U+2014 (decimal 8212)
   defining Unicode char U+2018 (decimal 8216)
   defining Unicode char U+2019 (decimal 8217)
   defining Unicode char U+201A (decimal 8218)
   defining Unicode char U+2030 (decimal 8240)
   defining Unicode char U+2039 (decimal 8249)
   defining Unicode char U+203A (decimal 8250)
   defining Unicode char U+20AC (decimal 8364)
   defining Unicode char U+2126 (decimal 8486)
   defining Unicode char U+10144 (decimal 65860)
   defining Unicode char U+10145 (decimal 65861)
   defining Unicode char U+10146 (decimal 65862)
   defining Unicode char U+10147 (decimal 65863)
)
(C:\Users\ssppy\AppData\Local\Programs\MiKTeX\tex/latex/greek-fontenc\greek-fon
tenc.def
File: greek-fontenc.def 2020/10/30 2.0 Common Greek font encoding definitions
))))
(C:\Users\ssppy\AppData\Local\Programs\MiKTeX\tex/latex/enumitem\enumitem.sty
Package: enumitem 2019/06/20 v3.9 Customized lists
\enitkv@toks@=\toks16
\labelindent=\skip49
\enit@outerparindent=\dimen141
\enit@toks=\toks17
\enit@inbox=\box51
\enit@count@id=\count194
\enitdp@description=\count195
)
(C:\Users\ssppy\AppData\Local\Programs\MiKTeX\tex/latex/mathtools\mathtools.sty
Package: mathtools 2022/06/29 v1.29 mathematical typesetting tools
(C:\Users\ssppy\AppData\Local\Programs\MiKTeX\tex/latex/graphics\keyval.sty
Package: keyval 2022/05/29 v1.15 key=value parser (DPC)
\KV@toks@=\toks18
)
(C:\Users\ssppy\AppData\Local\Programs\MiKTeX\tex/latex/tools\calc.sty
Package: calc 2017/05/25 v4.3 Infix arithmetic (KKT,FJ)
\calc@Acount=\count196
\calc@Bcount=\count197
\calc@Adimen=\dimen142
\calc@Bdimen=\dimen143
\calc@Askip=\skip50
\calc@Bskip=\skip51
LaTeX Info: Redefining \setlength on input line 80.
LaTeX Info: Redefining \addtolength on input line 81.
\calc@Ccount=\count198
\calc@Cskip=\skip52
)
(C:\Users\ssppy\AppData\Local\Programs\MiKTeX\tex/latex/mathtools\mhsetup.sty
Package: mhsetup 2021/03/18 v1.4 programming setup (MH)
)
(C:\Users\ssppy\AppData\Local\Programs\MiKTeX\tex/latex/amsmath\amsmath.sty
Package: amsmath 2022/04/08 v2.17n AMS math features
\@mathmargin=\skip53

For additional information on amsmath, use the `?' option.
(C:\Users\ssppy\AppData\Local\Programs\MiKTeX\tex/latex/amsmath\amstext.sty
Package: amstext 2021/08/26 v2.01 AMS text

(C:\Users\ssppy\AppData\Local\Programs\MiKTeX\tex/latex/amsmath\amsgen.sty
File: amsgen.sty 1999/11/30 v2.0 generic functions
\@emptytoks=\toks19
\ex@=\dimen144
))
(C:\Users\ssppy\AppData\Local\Programs\MiKTeX\tex/latex/amsmath\amsbsy.sty
Package: amsbsy 1999/11/29 v1.2d Bold Symbols
\pmbraise@=\dimen145
)
(C:\Users\ssppy\AppData\Local\Programs\MiKTeX\tex/latex/amsmath\amsopn.sty
Package: amsopn 2022/04/08 v2.04 operator names
)
\inf@bad=\count199
LaTeX Info: Redefining \frac on input line 234.
\uproot@=\count266
\leftroot@=\count267
LaTeX Info: Redefining \overline on input line 399.
LaTeX Info: Redefining \colon on input line 410.
\classnum@=\count268
\DOTSCASE@=\count269
LaTeX Info: Redefining \ldots on input line 496.
LaTeX Info: Redefining \dots on input line 499.
LaTeX Info: Redefining \cdots on input line 620.
\Mathstrutbox@=\box52
\strutbox@=\box53
LaTeX Info: Redefining \big on input line 722.
LaTeX Info: Redefining \Big on input line 723.
LaTeX Info: Redefining \bigg on input line 724.
LaTeX Info: Redefining \Bigg on input line 725.
\big@size=\dimen146
LaTeX Font Info:    Redeclaring font encoding OML on input line 743.
LaTeX Font Info:    Redeclaring font encoding OMS on input line 744.
\macc@depth=\count270
LaTeX Info: Redefining \bmod on input line 905.
LaTeX Info: Redefining \pmod on input line 910.
LaTeX Info: Redefining \smash on input line 940.
LaTeX Info: Redefining \relbar on input line 970.
LaTeX Info: Redefining \Relbar on input line 971.
\c@MaxMatrixCols=\count271
\dotsspace@=\muskip16
\c@parentequation=\count272
\dspbrk@lvl=\count273
\tag@help=\toks20
\row@=\count274
\column@=\count275
\maxfields@=\count276
\andhelp@=\toks21
\eqnshift@=\dimen147
\alignsep@=\dimen148
\tagshift@=\dimen149
\tagwidth@=\dimen150
\totwidth@=\dimen151
\lineht@=\dimen152
\@envbody=\toks22
\multlinegap=\skip54
\multlinetaggap=\skip55
\mathdisplay@stack=\toks23
LaTeX Info: Redefining \[ on input line 2953.
LaTeX Info: Redefining \] on input line 2954.
)
\g_MT_multlinerow_int=\count277
\l_MT_multwidth_dim=\dimen153
\origjot=\skip56
\l_MT_shortvdotswithinadjustabove_dim=\dimen154
\l_MT_shortvdotswithinadjustbelow_dim=\dimen155
\l_MT_above_intertext_sep=\dimen156
\l_MT_below_intertext_sep=\dimen157
\l_MT_above_shortintertext_sep=\dimen158
\l_MT_below_shortintertext_sep=\dimen159
\xmathstrut@box=\box54
\xmathstrut@dim=\dimen160
)
(C:\Users\ssppy\AppData\Local\Programs\MiKTeX\tex/latex/amsfonts\amssymb.sty
Package: amssymb 2013/01/14 v3.01 AMS font symbols

(C:\Users\ssppy\AppData\Local\Programs\MiKTeX\tex/latex/amsfonts\amsfonts.sty
Package: amsfonts 2013/01/14 v3.01 Basic AMSFonts support
\symAMSa=\mathgroup4
\symAMSb=\mathgroup5
LaTeX Font Info:    Redeclaring math symbol \hbar on input line 98.
LaTeX Font Info:    Overwriting math alphabet `\mathfrak' in version `bold'
(Font)                  U/euf/m/n --> U/euf/b/n on input line 106.
)) (C:\Users\ssppy\AppData\Local\Programs\MiKTeX\tex/latex/amscls\amsthm.sty
Package: amsthm 2020/05/29 v2.20.6
\thm@style=\toks24
\thm@bodyfont=\toks25
\thm@headfont=\toks26
\thm@notefont=\toks27
\thm@headpunct=\toks28
\thm@preskip=\skip57
\thm@postskip=\skip58
\thm@headsep=\skip59
\dth@everypar=\toks29
)
(C:\Users\ssppy\AppData\Local\Programs\MiKTeX\tex/latex/cancel\cancel.sty
Package: cancel 2013/04/12 v2.2 Cancel math terms
)
(C:\Users\ssppy\AppData\Local\Programs\MiKTeX\tex/latex/geometry\geometry.sty
Package: geometry 2020/01/02 v5.9 Page Geometry

(C:\Users\ssppy\AppData\Local\Programs\MiKTeX\tex/generic/iftex\ifvtex.sty
Package: ifvtex 2019/10/25 v1.7 ifvtex legacy package. Use iftex instead.

(C:\Users\ssppy\AppData\Local\Programs\MiKTeX\tex/generic/iftex\iftex.sty
Package: iftex 2022/02/03 v1.0f TeX engine tests
))
\Gm@cnth=\count278
\Gm@cntv=\count279
\c@Gm@tempcnt=\count280
\Gm@bindingoffset=\dimen161
\Gm@wd@mp=\dimen162
\Gm@odd@mp=\dimen163
\Gm@even@mp=\dimen164
\Gm@layoutwidth=\dimen165
\Gm@layoutheight=\dimen166
\Gm@layouthoffset=\dimen167
\Gm@layoutvoffset=\dimen168
\Gm@dimlist=\toks30

(C:\Users\ssppy\AppData\Local\Programs\MiKTeX\tex/latex/geometry\geometry.cfg))
(C:\Users\ssppy\AppData\Local\Programs\MiKTeX\tex/latex/graphics\graphicx.sty
Package: graphicx 2021/09/16 v1.2d Enhanced LaTeX Graphics (DPC,SPQR)

(C:\Users\ssppy\AppData\Local\Programs\MiKTeX\tex/latex/graphics\graphics.sty
Package: graphics 2022/03/10 v1.4e Standard LaTeX Graphics (DPC,SPQR)

(C:\Users\ssppy\AppData\Local\Programs\MiKTeX\tex/latex/graphics\trig.sty
Package: trig 2021/08/11 v1.11 sin cos tan (DPC)
)
(C:\Users\ssppy\AppData\Local\Programs\MiKTeX\tex/latex/graphics-cfg\graphics.c
fg
File: graphics.cfg 2016/06/04 v1.11 sample graphics configuration
)
Package graphics Info: Driver file: pdftex.def on input line 107.

(C:\Users\ssppy\AppData\Local\Programs\MiKTeX\tex/latex/graphics-def\pdftex.def
File: pdftex.def 2022/09/22 v1.2b Graphics/color driver for pdftex
))
\Gin@req@height=\dimen169
\Gin@req@width=\dimen170
) (C:\Users\ssppy\AppData\Local\Programs\MiKTeX\tex/latex/wrapfig\wrapfig.sty
\wrapoverhang=\dimen171
\WF@size=\dimen172
\c@WF@wrappedlines=\count281
\WF@box=\box55
\WF@everypar=\toks31
Package: wrapfig 2003/01/31  v 3.6
) (C:\Users\ssppy\AppData\Local\Programs\MiKTeX\tex/latex/caption\caption.sty
Package: caption 2022/03/01 v3.6b Customizing captions (AR)

(C:\Users\ssppy\AppData\Local\Programs\MiKTeX\tex/latex/caption\caption3.sty
Package: caption3 2022/03/17 v2.3b caption3 kernel (AR)
\caption@tempdima=\dimen173
\captionmargin=\dimen174
\caption@leftmargin=\dimen175
\caption@rightmargin=\dimen176
\caption@width=\dimen177
\caption@indent=\dimen178
\caption@parindent=\dimen179
\caption@hangindent=\dimen180
Package caption Info: Standard document class detected.
)
\c@caption@flags=\count282
\c@continuedfloat=\count283
Package caption Info: wrapfig package is loaded.
)
(C:\Users\ssppy\AppData\Local\Programs\MiKTeX\tex/latex/base\textcomp.sty
Package: textcomp 2020/02/02 v2.0n Standard LaTeX package
)
(C:\Users\ssppy\AppData\Local\Programs\MiKTeX\tex/latex/adjustbox\adjustbox.sty
Package: adjustbox 2022/10/17 v1.3a Adjusting TeX boxes (trim, clip, ...)
(C:\Users\ssppy\AppData\Local\Programs\MiKTeX\tex/latex/xkeyval\xkeyval.sty
Package: xkeyval 2022/06/16 v2.9 package option processing (HA)

(C:\Users\ssppy\AppData\Local\Programs\MiKTeX\tex/generic/xkeyval\xkeyval.tex
(C:\Users\ssppy\AppData\Local\Programs\MiKTeX\tex/generic/xkeyval\xkvutils.tex
\XKV@toks=\toks32
\XKV@tempa@toks=\toks33
)
\XKV@depth=\count284
File: xkeyval.tex 2014/12/03 v2.7a key=value parser (HA)
))
(C:\Users\ssppy\AppData\Local\Programs\MiKTeX\tex/latex/adjustbox\adjcalc.sty
Package: adjcalc 2012/05/16 v1.1 Provides advanced setlength with multiple back
-ends (calc, etex, pgfmath)
)
(C:\Users\ssppy\AppData\Local\Programs\MiKTeX\tex/latex/adjustbox\trimclip.sty
Package: trimclip 2020/08/19 v1.2 Trim and clip general TeX material

(C:\Users\ssppy\AppData\Local\Programs\MiKTeX\tex/latex/collectbox\collectbox.s
ty
Package: collectbox 2022/10/17 v0.4c Collect macro arguments as boxes
\collectedbox=\box56
)
\tc@llx=\dimen181
\tc@lly=\dimen182
\tc@urx=\dimen183
\tc@ury=\dimen184
Package trimclip Info: Using driver 'tc-pdftex.def'.

(C:\Users\ssppy\AppData\Local\Programs\MiKTeX\tex/latex/adjustbox\tc-pdftex.def
File: tc-pdftex.def 2019/01/04 v2.2 Clipping driver for pdftex
))
\adjbox@Width=\dimen185
\adjbox@Height=\dimen186
\adjbox@Depth=\dimen187
\adjbox@Totalheight=\dimen188
\adjbox@pwidth=\dimen189
\adjbox@pheight=\dimen190
\adjbox@pdepth=\dimen191
\adjbox@ptotalheight=\dimen192

(C:\Users\ssppy\AppData\Local\Programs\MiKTeX\tex/latex/ifoddpage\ifoddpage.sty
Package: ifoddpage 2022/10/18 v1.2 Conditionals for odd/even page detection
\c@checkoddpage=\count285
) (C:\Users\ssppy\AppData\Local\Programs\MiKTeX\tex/latex/varwidth\varwidth.sty
Package: varwidth 2009/03/30 ver 0.92;  Variable-width minipages
\@vwid@box=\box57
\sift@deathcycles=\count286
\@vwid@loff=\dimen193
\@vwid@roff=\dimen194
)) (C:\Users\ssppy\AppData\Local\Programs\MiKTeX\tex/latex/tabto-ltx\tabto.sty
Package: tabto 2018/12/28  v 1.4  Another tabbing mechanism
\CurrentLineWidth=\dimen195
\TabPrevPos=\dimen196
) (C:\Users\ssppy\AppData\Local\Programs\MiKTeX\tex/latex/tools\layout.sty
Package: layout 2021-03-10 v1.2e Show layout parameters
\oneinch=\count287
\cnt@paperwidth=\count288
\cnt@paperheight=\count289
\cnt@hoffset=\count290
\cnt@voffset=\count291
\cnt@textheight=\count292
\cnt@textwidth=\count293
\cnt@topmargin=\count294
\cnt@oddsidemargin=\count295
\cnt@evensidemargin=\count296
\cnt@headheight=\count297
\cnt@headsep=\count298
\cnt@marginparsep=\count299
\cnt@marginparwidth=\count300
\cnt@marginparpush=\count301
\cnt@footskip=\count302
\fheight=\count303
\ref@top=\count304
\ref@hoffset=\count305
\ref@voffset=\count306
\ref@head=\count307
\ref@body=\count308
\ref@foot=\count309
\ref@margin=\count310
\ref@marginwidth=\count311
\ref@marginpar=\count312
\Interval=\count313
\ExtraYPos=\count314
\PositionX=\count315
\PositionY=\count316
\ArrowLength=\count317
)
(C:\Users\ssppy\AppData\Local\Programs\MiKTeX\tex/latex/tools\bm.sty
Package: bm 2022/01/05 v1.2f Bold Symbol Support (DPC/FMi)
\symboldoperators=\mathgroup6
\symboldletters=\mathgroup7
\symboldsymbols=\mathgroup8
Package bm Info: No bold for \OMX/cmex/m/n, using \pmb.
Package bm Info: No bold for \U/msa/m/n, using \pmb.
Package bm Info: No bold for \U/msb/m/n, using \pmb.
LaTeX Font Info:    Redeclaring math alphabet \mathbf on input line 149.
)
(C:\Users\ssppy\AppData\Local\Programs\MiKTeX\tex/latex/minipage-marginpar\mini
page-marginpar.sty
Package: minipage-marginpar 2008/04/07 v0.3 Randnotizen auch in Minipages (PE)
)
(C:\Users\ssppy\AppData\Local\Programs\MiKTeX\tex/latex/xcolor\xcolor.sty
Package: xcolor 2022/06/12 v2.14 LaTeX color extensions (UK)

(C:\Users\ssppy\AppData\Local\Programs\MiKTeX\tex/latex/graphics-cfg\color.cfg
File: color.cfg 2016/01/02 v1.6 sample color configuration
)
Package xcolor Info: Driver file: pdftex.def on input line 227.
(C:\Users\ssppy\AppData\Local\Programs\MiKTeX\tex/latex/graphics\mathcolor.ltx)
Package xcolor Info: Model `cmy' substituted by `cmy0' on input line 1353.
Package xcolor Info: Model `hsb' substituted by `rgb' on input line 1357.
Package xcolor Info: Model `RGB' extended on input line 1369.
Package xcolor Info: Model `HTML' substituted by `rgb' on input line 1371.
Package xcolor Info: Model `Hsb' substituted by `hsb' on input line 1372.
Package xcolor Info: Model `tHsb' substituted by `hsb' on input line 1373.
Package xcolor Info: Model `HSB' substituted by `hsb' on input line 1374.
Package xcolor Info: Model `Gray' substituted by `gray' on input line 1375.
Package xcolor Info: Model `wave' substituted by `hsb' on input line 1376.
(C:\Users\ssppy\AppData\Local\Programs\MiKTeX\tex/latex/graphics\dvipsnam.def
File: dvipsnam.def 2016/06/17 v3.0m Driver-dependent file (DPC,SPQR)
)) (C:\Users\ssppy\AppData\Local\Programs\MiKTeX\tex/latex/hyperref\hyperref.st
y
Package: hyperref 2022-11-13 v7.00u Hypertext links for LaTeX

(C:\Users\ssppy\AppData\Local\Programs\MiKTeX\tex/generic/ltxcmds\ltxcmds.sty
Package: ltxcmds 2020-05-10 v1.25 LaTeX kernel commands for general use (HO)
)
(C:\Users\ssppy\AppData\Local\Programs\MiKTeX\tex/generic/pdftexcmds\pdftexcmds
.sty
Package: pdftexcmds 2020-06-27 v0.33 Utility functions of pdfTeX for LuaTeX (HO
)

(C:\Users\ssppy\AppData\Local\Programs\MiKTeX\tex/generic/infwarerr\infwarerr.s
ty
Package: infwarerr 2019/12/03 v1.5 Providing info/warning/error messages (HO)
)
Package pdftexcmds Info: \pdf@primitive is available.
Package pdftexcmds Info: \pdf@ifprimitive is available.
Package pdftexcmds Info: \pdfdraftmode found.
)
(C:\Users\ssppy\AppData\Local\Programs\MiKTeX\tex/latex/kvsetkeys\kvsetkeys.sty
Package: kvsetkeys 2022-10-05 v1.19 Key value parser (HO)
)
(C:\Users\ssppy\AppData\Local\Programs\MiKTeX\tex/generic/kvdefinekeys\kvdefine
keys.sty
Package: kvdefinekeys 2019-12-19 v1.6 Define keys (HO)
)
(C:\Users\ssppy\AppData\Local\Programs\MiKTeX\tex/generic/pdfescape\pdfescape.s
ty
Package: pdfescape 2019/12/09 v1.15 Implements pdfTeX's escape features (HO)
) (C:\Users\ssppy\AppData\Local\Programs\MiKTeX\tex/latex/hycolor\hycolor.sty
Package: hycolor 2020-01-27 v1.10 Color options for hyperref/bookmark (HO)
)
(C:\Users\ssppy\AppData\Local\Programs\MiKTeX\tex/latex/letltxmacro\letltxmacro
.sty
Package: letltxmacro 2019/12/03 v1.6 Let assignment for LaTeX macros (HO)
)
(C:\Users\ssppy\AppData\Local\Programs\MiKTeX\tex/latex/auxhook\auxhook.sty
Package: auxhook 2019-12-17 v1.6 Hooks for auxiliary files (HO)
)
(C:\Users\ssppy\AppData\Local\Programs\MiKTeX\tex/latex/hyperref\nameref.sty
Package: nameref 2022-05-17 v2.50 Cross-referencing by name of section

(C:\Users\ssppy\AppData\Local\Programs\MiKTeX\tex/latex/refcount\refcount.sty
Package: refcount 2019/12/15 v3.6 Data extraction from label references (HO)
)
(C:\Users\ssppy\AppData\Local\Programs\MiKTeX\tex/generic/gettitlestring\gettit
lestring.sty
Package: gettitlestring 2019/12/15 v1.6 Cleanup title references (HO)

(C:\Users\ssppy\AppData\Local\Programs\MiKTeX\tex/latex/kvoptions\kvoptions.sty
Package: kvoptions 2022-06-15 v3.15 Key value format for package options (HO)
))
\c@section@level=\count318
)
\@linkdim=\dimen197
\Hy@linkcounter=\count319
\Hy@pagecounter=\count320
 (C:\Users\ssppy\AppData\Local\Programs\MiKTeX\tex/latex/hyperref\pd1enc.def
File: pd1enc.def 2022-11-13 v7.00u Hyperref: PDFDocEncoding definition (HO)
Now handling font encoding PD1 ...
... no UTF-8 mapping file for font encoding PD1
) (C:\Users\ssppy\AppData\Local\Programs\MiKTeX\tex/generic/intcalc\intcalc.sty
Package: intcalc 2019/12/15 v1.3 Expandable calculations with integers (HO)
)
(C:\Users\ssppy\AppData\Local\Programs\MiKTeX\tex/generic/etexcmds\etexcmds.sty
Package: etexcmds 2019/12/15 v1.7 Avoid name clashes with e-TeX commands (HO)
)
\Hy@SavedSpaceFactor=\count321
 (C:\Users\ssppy\AppData\Local\Programs\MiKTeX\tex/latex/hyperref\puenc.def
File: puenc.def 2022-11-13 v7.00u Hyperref: PDF Unicode definition (HO)
Now handling font encoding PU ...
... no UTF-8 mapping file for font encoding PU

(C:\Users\ssppy\AppData\Local\Programs\MiKTeX\tex/latex/hyperref\puenc-greekbas
ic.def
File: puenc-greekbasic.def 2022-11-13 v7.00u Hyperref: PDF Unicode definition (
greek block) (HO)
))
Package hyperref Info: Hyper figures OFF on input line 4162.
Package hyperref Info: Link nesting OFF on input line 4167.
Package hyperref Info: Hyper index ON on input line 4170.
Package hyperref Info: Plain pages OFF on input line 4177.
Package hyperref Info: Backreferencing OFF on input line 4182.
Package hyperref Info: Implicit mode ON; LaTeX internals redefined.
Package hyperref Info: Bookmarks ON on input line 4410.
\c@Hy@tempcnt=\count322
 (C:\Users\ssppy\AppData\Local\Programs\MiKTeX\tex/latex/url\url.sty
\Urlmuskip=\muskip17
Package: url 2013/09/16  ver 3.4  Verb mode for urls, etc.
)
LaTeX Info: Redefining \url on input line 4748.
\XeTeXLinkMargin=\dimen198

(C:\Users\ssppy\AppData\Local\Programs\MiKTeX\tex/generic/bitset\bitset.sty
Package: bitset 2019/12/09 v1.3 Handle bit-vector datatype (HO)

(C:\Users\ssppy\AppData\Local\Programs\MiKTeX\tex/generic/bigintcalc\bigintcalc
.sty
Package: bigintcalc 2019/12/15 v1.5 Expandable calculations on big integers (HO
)
))
\Fld@menulength=\count323
\Field@Width=\dimen199
\Fld@charsize=\dimen256
Package hyperref Info: Hyper figures OFF on input line 6027.
Package hyperref Info: Link nesting OFF on input line 6032.
Package hyperref Info: Hyper index ON on input line 6035.
Package hyperref Info: backreferencing OFF on input line 6042.
Package hyperref Info: Link coloring OFF on input line 6047.
Package hyperref Info: Link coloring with OCG OFF on input line 6052.
Package hyperref Info: PDF/A mode OFF on input line 6057.

(C:\Users\ssppy\AppData\Local\Programs\MiKTeX\tex/latex/base\atbegshi-ltx.sty
Package: atbegshi-ltx 2021/01/10 v1.0c Emulation of the original atbegshi
package with kernel methods
)
\Hy@abspage=\count324
\c@Item=\count325
\c@Hfootnote=\count326
)
Package hyperref Info: Driver (autodetected): hpdftex.
(C:\Users\ssppy\AppData\Local\Programs\MiKTeX\tex/latex/hyperref\hpdftex.def
File: hpdftex.def 2022-11-13 v7.00u Hyperref driver for pdfTeX

(C:\Users\ssppy\AppData\Local\Programs\MiKTeX\tex/latex/base\atveryend-ltx.sty
Package: atveryend-ltx 2020/08/19 v1.0a Emulation of the original atveryend pac
kage
with kernel methods
)
\Fld@listcount=\count327
\c@bookmark@seq@number=\count328

(C:\Users\ssppy\AppData\Local\Programs\MiKTeX\tex/latex/rerunfilecheck\rerunfil
echeck.sty
Package: rerunfilecheck 2022-07-10 v1.10 Rerun checks for auxiliary files (HO)

(C:\Users\ssppy\AppData\Local\Programs\MiKTeX\tex/generic/uniquecounter\uniquec
ounter.sty
Package: uniquecounter 2019/12/15 v1.4 Provide unlimited unique counter (HO)
)
Package uniquecounter Info: New unique counter `rerunfilecheck' on input line 2
85.
)
\Hy@SectionHShift=\skip60
)
(C:\Users\ssppy\AppData\Local\Programs\MiKTeX\tex/latex/dutchcal\dutchcal.sty
Package: dutchcal 2011/06/16 v1 U/dutchcal
LaTeX Font Info:    Redeclaring math alphabet \mathcal on input line 8.
LaTeX Font Info:    Overwriting math alphabet `\mathcal' in version `bold'
(Font)                  U/dutchcal/m/n --> U/dutchcal/b/n on input line 9.
)
(C:\Users\ssppy\AppData\Local\Programs\MiKTeX\tex/latex/derivative\derivative.s
ty (C:\Users\ssppy\AppData\Local\Programs\MiKTeX\tex/latex/l3kernel\expl3.sty
Package: expl3 2022-11-02 L3 programming layer (loader) 

(C:\Users\ssppy\AppData\Local\Programs\MiKTeX\tex/latex/l3backend\l3backend-pdf
tex.def
File: l3backend-pdftex.def 2022-10-26 L3 backend support: PDF output (pdfTeX)
\l__color_backend_stack_int=\count329
\l__pdf_internal_box=\box58
))
(C:\Users\ssppy\AppData\Local\Programs\MiKTeX\tex/latex/l3packages/xparse\xpars
e.sty
Package: xparse 2022-06-22 L3 Experimental document command parser
)
(C:\Users\ssppy\AppData\Local\Programs\MiKTeX\tex/latex/l3packages/l3keys2e\l3k
eys2e.sty
Package: l3keys2e 2022-06-22 LaTeX2e option processing using LaTeX3 keys
)
Package: derivative 2022/07/09 v1.2 Nice and easy derivatives and differentials
 for LaTeX
\l__deriv_vmo_int=\count330
\l__deriv_var_count_int=\count331
\l__deriv_tmpa_int=\count332
\l__deriv_tmpb_int=\count333
\l__deriv_numerical_int=\count334
\l__deriv_sort_max_int=\count335
)
(C:\Users\ssppy\AppData\Local\Programs\MiKTeX\tex/latex/esint\esint.sty
Package: esint 
\symlargesymbolsA=\mathgroup9
)
(C:\Users\ssppy\AppData\Local\Programs\MiKTeX\tex/latex/caption\subcaption.sty
Package: subcaption 2022/01/07 v1.5 Sub-captions (AR)
\c@subfigure=\count336
\c@subtable=\count337
) (C:\Users\ssppy\AppData\Local\Programs\MiKTeX\tex/latex/fancyhdr\fancyhdr.sty
Package: fancyhdr 2022/11/09 v4.1 Extensive control of page headers and footers

\f@nch@headwidth=\skip61
\f@nch@O@elh=\skip62
\f@nch@O@erh=\skip63
\f@nch@O@olh=\skip64
\f@nch@O@orh=\skip65
\f@nch@O@elf=\skip66
\f@nch@O@erf=\skip67
\f@nch@O@olf=\skip68
\f@nch@O@orf=\skip69
) (C:\Users\ssppy\AppData\Local\Programs\MiKTeX\tex/latex/booktabs\booktabs.sty
Package: booktabs 2020/01/12 v1.61803398 Publication quality tables
\heavyrulewidth=\dimen257
\lightrulewidth=\dimen258
\cmidrulewidth=\dimen259
\belowrulesep=\dimen260
\belowbottomsep=\dimen261
\aboverulesep=\dimen262
\abovetopsep=\dimen263
\cmidrulesep=\dimen264
\cmidrulekern=\dimen265
\defaultaddspace=\dimen266
\@cmidla=\count338
\@cmidlb=\count339
\@aboverulesep=\dimen267
\@belowrulesep=\dimen268
\@thisruleclass=\count340
\@lastruleclass=\count341
\@thisrulewidth=\dimen269
) (C:\Users\ssppy\AppData\Local\Programs\MiKTeX\tex/latex/braket\braket.sty)
(C:\Users\ssppy\AppData\Local\Programs\MiKTeX\tex/latex/threeparttable\threepar
ttable.sty
Package: threeparttable 2003/06/13  v 3.0
\@tempboxb=\box59
)
(C:\Users\ssppy\AppData\Local\Programs\MiKTeX\tex/latex/float\float.sty
Package: float 2001/11/08 v1.3d Float enhancements (AL)
\c@float@type=\count342
\float@exts=\toks34
\float@box=\box60
\@float@everytoks=\toks35
\@floatcapt=\box61
)
(C:\Users\ssppy\AppData\Local\Programs\MiKTeX\tex/latex/esdiff\esdiff.sty
Package: esdiff 
)
(C:\Users\ssppy\AppData\Local\Programs\MiKTeX\tex/latex/lipsum\lipsum.sty
Package: lipsum 2021-09-20 v2.7 150 paragraphs of Lorem Ipsum dummy text
\g__lipsum_par_int=\count343
\l__lipsum_a_int=\count344
\l__lipsum_b_int=\count345

(C:\Users\ssppy\AppData\Local\Programs\MiKTeX\tex/latex/lipsum\lipsum.ltd.tex))
(C:\Users\ssppy\AppData\Local\Programs\MiKTeX\tex/latex/arydshln\arydshln.sty
Package: arydshln 2019/02/21 v1.76 
\dashlinedash=\dimen270
\dashlinegap=\dimen271
\adl@box=\box62
\adl@height=\dimen272
\adl@heightsave=\dimen273
\adl@depth=\dimen274
\adl@depthsave=\dimen275
\adl@finaldepth=\dimen276
\adl@columns=\count346
\adl@ncol=\count347
\adl@currentcolumn=\count348
\adl@currentcolumnsave=\count349
\adl@totalheight=\count350
\adl@totalheightsave=\count351
\adl@dash=\count352
\adl@gap=\count353
\adl@cla=\count354
\adl@clb=\count355
\adl@everyvbox=\toks36
\adl@LTpagetotal=\dimen277
)
(C:\Users\ssppy\AppData\Local\Programs\MiKTeX\tex/latex/titlesec\titlesec.sty
Package: titlesec 2021/07/05 v2.14 Sectioning titles
\ttl@box=\box63
\beforetitleunit=\skip70
\aftertitleunit=\skip71
\ttl@plus=\dimen278
\ttl@minus=\dimen279
\ttl@toksa=\toks37
\titlewidth=\dimen280
\titlewidthlast=\dimen281
\titlewidthfirst=\dimen282
)
(C:\Users\ssppy\AppData\Local\Programs\MiKTeX\tex/latex/tocbibind\tocbibind.sty
Package: tocbibind 2010/10/13 v1.5k extra ToC listings
Package tocbibind Info: The document has chapter divisions on input line 50.

Package tocbibind Note: Using chapter style headings, unless overridden.

) (C:\Users\ssppy\AppData\Local\Programs\MiKTeX\tex/latex/natbib\natbib.sty
Package: natbib 2010/09/13 8.31b (PWD, AO)
\bibhang=\skip72
\bibsep=\skip73
LaTeX Info: Redefining \cite on input line 694.
\c@NAT@ctr=\count356
)
\c@problem=\count357
\c@definition=\count358
\c@properties=\count359
\c@theorem=\count360
\c@protash=\count361
\c@porisma=\count362
\c@lemma=\count363


LaTeX Warning: Unused global option(s):
    [floatperchapter].

(f_report.aux (Theory/theory.aux) (Hamiltonian_1/ham01.aux)
(Hamiltonian_1/numerical/numer.aux))
\openout1 = `f_report.aux'.

LaTeX Font Info:    Checking defaults for OML/cmm/m/it on input line 107.
LaTeX Font Info:    ... okay on input line 107.
LaTeX Font Info:    Checking defaults for OMS/cmsy/m/n on input line 107.
LaTeX Font Info:    ... okay on input line 107.
LaTeX Font Info:    Checking defaults for OT1/cmr/m/n on input line 107.
LaTeX Font Info:    ... okay on input line 107.
LaTeX Font Info:    Checking defaults for T1/cmr/m/n on input line 107.
LaTeX Font Info:    ... okay on input line 107.
LaTeX Font Info:    Checking defaults for TS1/cmr/m/n on input line 107.
LaTeX Font Info:    ... okay on input line 107.
LaTeX Font Info:    Checking defaults for OMX/cmex/m/n on input line 107.
LaTeX Font Info:    ... okay on input line 107.
LaTeX Font Info:    Checking defaults for U/cmr/m/n on input line 107.
LaTeX Font Info:    ... okay on input line 107.
LaTeX Font Info:    Checking defaults for LGR/cmr/m/n on input line 107.
LaTeX Font Info:    Trying to load font information for LGR+cmr on input line 1
07.

(C:\Users\ssppy\AppData\Local\Programs\MiKTeX\tex/latex/cbfonts-fd\lgrcmr.fd
File: lgrcmr.fd 2017/07/29 v1.2 Greek European Computer Regular
)
LaTeX Font Info:    ... okay on input line 107.
LaTeX Font Info:    Checking defaults for PD1/pdf/m/n on input line 107.
LaTeX Font Info:    ... okay on input line 107.
LaTeX Font Info:    Checking defaults for PU/pdf/m/n on input line 107.
LaTeX Font Info:    ... okay on input line 107.

(C:\Users\ssppy\AppData\Local\Programs\MiKTeX\tex/latex/greek-fontenc\puenc-gre
ek.def
File: puenc-greek.def 2020/10/18 2.0 Greek LICRs for PDF strings

(C:\Users\ssppy\AppData\Local\Programs\MiKTeX\tex/latex/greek-fontenc\greek-fon
tenc.def
File: greek-fontenc.def 2020/10/30 2.0 Common Greek font encoding definitions
))
(C:\Users\ssppy\AppData\Local\Programs\MiKTeX\tex/latex/greek-fontenc\alphabeta
-lgr.def
File: alphabeta-lgr 2020/09/25 1.0 Composite definitions for 8-bit TeX
)
   defining Unicode char U+0393 (decimal 915)
   defining Unicode char U+0394 (decimal 916)
   defining Unicode char U+0398 (decimal 920)
   defining Unicode char U+039B (decimal 923)
   defining Unicode char U+039E (decimal 926)
   defining Unicode char U+03A0 (decimal 928)
   defining Unicode char U+03A3 (decimal 931)
   defining Unicode char U+03A5 (decimal 933)
   defining Unicode char U+03A6 (decimal 934)
   defining Unicode char U+03A8 (decimal 936)
   defining Unicode char U+03A9 (decimal 937)
   defining Unicode char U+03B1 (decimal 945)
   defining Unicode char U+03B2 (decimal 946)
   defining Unicode char U+03B3 (decimal 947)
   defining Unicode char U+03B4 (decimal 948)
   defining Unicode char U+03B5 (decimal 949)
   defining Unicode char U+03B6 (decimal 950)
   defining Unicode char U+03B7 (decimal 951)
   defining Unicode char U+03B8 (decimal 952)
   defining Unicode char U+03B9 (decimal 953)
   defining Unicode char U+03BA (decimal 954)
   defining Unicode char U+03BB (decimal 955)
   defining Unicode char U+03BC (decimal 956)
   defining Unicode char U+03BD (decimal 957)
   defining Unicode char U+03BE (decimal 958)
   defining Unicode char U+03C0 (decimal 960)
   defining Unicode char U+03C1 (decimal 961)
   defining Unicode char U+03C2 (decimal 962)
   defining Unicode char U+03C3 (decimal 963)
   defining Unicode char U+03C4 (decimal 964)
   defining Unicode char U+03C5 (decimal 965)
   defining Unicode char U+03C6 (decimal 966)
   defining Unicode char U+03C7 (decimal 967)
   defining Unicode char U+03C8 (decimal 968)
   defining Unicode char U+03C9 (decimal 969)
   defining Unicode char U+03D1 (decimal 977)
   defining Unicode char U+03D5 (decimal 981)
   defining Unicode char U+03D6 (decimal 982)
   defining Unicode char U+03DD (decimal 989)
   defining Unicode char U+03F1 (decimal 1009)
   defining Unicode char U+03F5 (decimal 1013)

*geometry* driver: auto-detecting
*geometry* detected driver: pdftex
*geometry* verbose mode - [ preamble ] result:
* driver: pdftex
* paper: a4paper
* layout: <same size as paper>
* layoutoffset:(h,v)=(0.0pt,0.0pt)
* modes: twoside 
* h-part:(L,W,R)=(59.75095pt, 478.00598pt, 59.75095pt)
* v-part:(T,H,B)=(68.28644pt, 708.47397pt, 68.28644pt)
* \paperwidth=597.50787pt
* \paperheight=845.04684pt
* \textwidth=478.00598pt
* \textheight=708.47397pt
* \oddsidemargin=-12.51904pt
* \evensidemargin=-12.51904pt
* \topmargin=-35.85735pt
* \headheight=12.0pt
* \headsep=19.8738pt
* \topskip=11.0pt
* \footskip=27.46295pt
* \marginparwidth=106.0pt
* \marginparsep=7.0pt
* \columnsep=10.0pt
* \skip\footins=10.0pt plus 4.0pt minus 2.0pt
* \hoffset=0.0pt
* \voffset=0.0pt
* \mag=1000
* \@twocolumnfalse
* \@twosidetrue
* \@mparswitchtrue
* \@reversemarginfalse
* (1in=72.27pt=25.4mm, 1cm=28.453pt)


(C:\Users\ssppy\AppData\Local\Programs\MiKTeX\tex/context/base/mkii\supp-pdf.mk
ii
[Loading MPS to PDF converter (version 2006.09.02).]
\scratchcounter=\count364
\scratchdimen=\dimen283
\scratchbox=\box64
\nofMPsegments=\count365
\nofMParguments=\count366
\everyMPshowfont=\toks38
\MPscratchCnt=\count367
\MPscratchDim=\dimen284
\MPnumerator=\count368
\makeMPintoPDFobject=\count369
\everyMPtoPDFconversion=\toks39
)
(C:\Users\ssppy\AppData\Local\Programs\MiKTeX\tex/latex/epstopdf-pkg\epstopdf-b
ase.sty
Package: epstopdf-base 2020-01-24 v2.11 Base part for package epstopdf

(C:\Users\ssppy\AppData\Local\Programs\MiKTeX\tex/latex/grfext\grfext.sty
Package: grfext 2019/12/03 v1.3 Manage graphics extensions (HO)
)
Package epstopdf-base Info: Redefining graphics rule for `.eps' on input line 4
85.
Package grfext Info: Graphics extension search list:
(grfext)             [.pdf,.png,.jpg,.mps,.jpeg,.jbig2,.jb2,.PDF,.PNG,.JPG,.JPE
G,.JBIG2,.JB2,.eps]
(grfext)             \AppendGraphicsExtensions on input line 504.

(C:\Users\ssppy\AppData\Local\Programs\MiKTeX\tex/latex/00miktex\epstopdf-sys.c
fg
File: epstopdf-sys.cfg 2021/03/18 v2.0 Configuration of epstopdf for MiKTeX
))
Package caption Info: Begin \AtBeginDocument code.
Package caption Info: float package is loaded.
Package caption Info: hyperref package is loaded.
Package caption Info: threeparttable package is loaded.
Package caption Info: End \AtBeginDocument code.
Package hyperref Info: Link coloring OFF on input line 107.
 (f_report.out) (f_report.out)
\@outlinefile=\write3
\openout3 = `f_report.out'.

 (Front_Page/front.tex
<Front_Page/logo1.png.png, id=27, 290.08376pt x 91.34125pt>
File: Front_Page/logo1.png.png Graphic file (type png)
<use Front_Page/logo1.png.png>
Package pdftex.def Info: Front_Page/logo1.png.png  used on input line 7.
(pdftex.def)             Requested size: 227.62204pt x 71.67375pt.

Underfull \hbox (badness 10000) in paragraph at lines 7--8

 []

LaTeX Font Info:    Trying to load font information for U+msa on input line 21.

(C:\Users\ssppy\AppData\Local\Programs\MiKTeX\tex/latex/amsfonts\umsa.fd
File: umsa.fd 2013/01/14 v3.01 AMS symbols A
)
LaTeX Font Info:    Trying to load font information for U+msb on input line 21.


(C:\Users\ssppy\AppData\Local\Programs\MiKTeX\tex/latex/amsfonts\umsb.fd
File: umsb.fd 2013/01/14 v3.01 AMS symbols B
)
LaTeX Font Info:    Trying to load font information for U+esint on input line 2
1.

(C:\Users\ssppy\AppData\Local\Programs\MiKTeX\tex/latex/esint\uesint.fd
File: uesint.fd 
)
[1


{C:/Users/ssppy/AppData/Local/MiKTeX/fonts/map/pdftex/pdftex.map} <./Front_Page
/logo1.png.png>]) [2

] (f_report.toc)
\tf@toc=\write4
\openout4 = `f_report.toc'.


Overfull \hbox (3.72104pt too wide) in paragraph at lines 119--121
\OT1/cmtt/m/n/10.95 com / spyrosthomo / Physics / tree / main / canonical _ per
turbation _ theory _
 []

[3]
\openout2 = `Theory/theory.aux'.

 (Theory/theory.tex
Chapter 1.
[4


] [5] [6] [7]
<Theory/poin.png, id=159, 954.56625pt x 645.41125pt>
File: Theory/poin.png Graphic file (type png)
<use Theory/poin.png>
Package pdftex.def Info: Theory/poin.png  used on input line 209.
(pdftex.def)             Requested size: 286.37209pt x 193.62486pt.
) [8 <./Theory/poin.png>]
\openout2 = `Hamiltonian_1/ham01.aux'.

 (Hamiltonian_1/ham01.tex
Chapter 2.
[9




]
Underfull \hbox (badness 10000) in paragraph at lines 62--77

 []


Underfull \hbox (badness 10000) in paragraph at lines 97--97

 []

[10]
Underfull \hbox (badness 10000) in paragraph at lines 208--208

 []

[11]
Overfull \hbox (20.87608pt too wide) detected at line 246
[]
 []

) [12]
\openout2 = `Hamiltonian_1/numerical/numer.aux'.

 (Hamiltonian_1/numerical/numer.tex
<Hamiltonian_1/numerical/figs/Q5_0.0_3646.jpg, id=245, 702.625pt x 526.96875pt>

File: Hamiltonian_1/numerical/figs/Q5_0.0_3646.jpg Graphic file (type jpg)
<use Hamiltonian_1/numerical/figs/Q5_0.0_3646.jpg>
Package pdftex.def Info: Hamiltonian_1/numerical/figs/Q5_0.0_3646.jpg  used on 
input line 30.
(pdftex.def)             Requested size: 351.31163pt x 263.48372pt.
 [13



 <./Hamiltonian_1/numerical/figs/Q5_0.0_3646.jpg>]
<Hamiltonian_1/numerical/figs/Q5_1e-4.1e-4_3634.jpg, id=256, 702.625pt x 526.96
875pt>
File: Hamiltonian_1/numerical/figs/Q5_1e-4.1e-4_3634.jpg Graphic file (type jpg
)
<use Hamiltonian_1/numerical/figs/Q5_1e-4.1e-4_3634.jpg>
Package pdftex.def Info: Hamiltonian_1/numerical/figs/Q5_1e-4.1e-4_3634.jpg  us
ed on input line 39.
(pdftex.def)             Requested size: 351.31163pt x 263.48372pt.

Underfull \hbox (badness 10000) in paragraph at lines 36--43

 []

<Hamiltonian_1/numerical/figs/Q5_1e-3.1e-4_3634.jpg, id=258, 501.37312pt x 395.
22656pt>
File: Hamiltonian_1/numerical/figs/Q5_1e-3.1e-4_3634.jpg Graphic file (type jpg
)
<use Hamiltonian_1/numerical/figs/Q5_1e-3.1e-4_3634.jpg>
Package pdftex.def Info: Hamiltonian_1/numerical/figs/Q5_1e-3.1e-4_3634.jpg  us
ed on input line 50.
(pdftex.def)             Requested size: 250.68594pt x 197.6128pt.
<Hamiltonian_1/numerical/figs/Q5_1e-4.1e-3_3634.jpg, id=259, 499.11469pt x 388.
45125pt>
File: Hamiltonian_1/numerical/figs/Q5_1e-4.1e-3_3634.jpg Graphic file (type jpg
)
<use Hamiltonian_1/numerical/figs/Q5_1e-4.1e-3_3634.jpg>
Package pdftex.def Info: Hamiltonian_1/numerical/figs/Q5_1e-4.1e-3_3634.jpg  us
ed on input line 56.
(pdftex.def)             Requested size: 249.55672pt x 194.22514pt.
<Hamiltonian_1/numerical/figs/Q5_1e-3.1e-4_3634_zoom.jpg, id=260, 506.6428pt x 
392.96812pt>
File: Hamiltonian_1/numerical/figs/Q5_1e-3.1e-4_3634_zoom.jpg Graphic file (typ
e jpg)
<use Hamiltonian_1/numerical/figs/Q5_1e-3.1e-4_3634_zoom.jpg>
Package pdftex.def Info: Hamiltonian_1/numerical/figs/Q5_1e-3.1e-4_3634_zoom.jp
g  used on input line 68.
(pdftex.def)             Requested size: 253.32079pt x 196.48357pt.
<Hamiltonian_1/numerical/figs/Q5_1e-4.1e-3_3634_zoom.jpg, id=261, 507.39563pt x
 395.22656pt>
File: Hamiltonian_1/numerical/figs/Q5_1e-4.1e-3_3634_zoom.jpg Graphic file (typ
e jpg)
<use Hamiltonian_1/numerical/figs/Q5_1e-4.1e-3_3634_zoom.jpg>
Package pdftex.def Info: Hamiltonian_1/numerical/figs/Q5_1e-4.1e-3_3634_zoom.jp
g  used on input line 74.
(pdftex.def)             Requested size: 253.69719pt x 197.6128pt.

LaTeX Warning: `!h' float specifier changed to `!ht'.

[14 <./Hamiltonian_1/numerical/figs/Q5_1e-4.1e-4_3634.jpg> <./Hamiltonian_1/num
erical/figs/Q5_1e-3.1e-4_3634.jpg> <./Hamiltonian_1/numerical/figs/Q5_1e-4.1e-3
_3634.jpg>]
<Hamiltonian_1/numerical/figs/Q5_1e-3.1e-3_3634.jpg, id=273, 702.625pt x 526.96
875pt>
File: Hamiltonian_1/numerical/figs/Q5_1e-3.1e-3_3634.jpg Graphic file (type jpg
)
<use Hamiltonian_1/numerical/figs/Q5_1e-3.1e-3_3634.jpg>
Package pdftex.def Info: Hamiltonian_1/numerical/figs/Q5_1e-3.1e-3_3634.jpg  us
ed on input line 85.
(pdftex.def)             Requested size: 351.31163pt x 263.48372pt.
<Hamiltonian_1/numerical/figs/Q5_1e-2.1e-3_3634.jpg, id=275, 498.36188pt x 393.
72093pt>
File: Hamiltonian_1/numerical/figs/Q5_1e-2.1e-3_3634.jpg Graphic file (type jpg
)
<use Hamiltonian_1/numerical/figs/Q5_1e-2.1e-3_3634.jpg>
Package pdftex.def Info: Hamiltonian_1/numerical/figs/Q5_1e-2.1e-3_3634.jpg  us
ed on input line 96.
(pdftex.def)             Requested size: 249.18033pt x 196.85999pt.
<Hamiltonian_1/numerical/figs/Q5_1e-3.1e-2_3634.jpg, id=276, 496.85625pt x 393.
72093pt>
File: Hamiltonian_1/numerical/figs/Q5_1e-3.1e-2_3634.jpg Graphic file (type jpg
)
<use Hamiltonian_1/numerical/figs/Q5_1e-3.1e-2_3634.jpg>
Package pdftex.def Info: Hamiltonian_1/numerical/figs/Q5_1e-3.1e-2_3634.jpg  us
ed on input line 102.
(pdftex.def)             Requested size: 248.4275pt x 196.85999pt.
<Hamiltonian_1/numerical/figs/Q5_1e-2.1e-3_3634_zoom1.jpg, id=277, 505.13719pt 
x 392.96812pt>
File: Hamiltonian_1/numerical/figs/Q5_1e-2.1e-3_3634_zoom1.jpg Graphic file (ty
pe jpg)
<use Hamiltonian_1/numerical/figs/Q5_1e-2.1e-3_3634_zoom1.jpg>
Package pdftex.def Info: Hamiltonian_1/numerical/figs/Q5_1e-2.1e-3_3634_zoom1.j
pg  used on input line 115.
(pdftex.def)             Requested size: 237.4145pt x 184.69504pt.
<Hamiltonian_1/numerical/figs/Q5_1e-3.1e-2_3634_zoom1.jpg, id=278, 507.39563pt 
x 395.22656pt>
File: Hamiltonian_1/numerical/figs/Q5_1e-3.1e-2_3634_zoom1.jpg Graphic file (ty
pe jpg)
<use Hamiltonian_1/numerical/figs/Q5_1e-3.1e-2_3634_zoom1.jpg>
Package pdftex.def Info: Hamiltonian_1/numerical/figs/Q5_1e-3.1e-2_3634_zoom1.j
pg  used on input line 121.
(pdftex.def)             Requested size: 238.47598pt x 185.7565pt.
<Hamiltonian_1/numerical/figs/Q5_1e-2.1e-3_3634_zoom2.jpg, id=279, 474.27188pt 
x 395.22656pt>
File: Hamiltonian_1/numerical/figs/Q5_1e-2.1e-3_3634_zoom2.jpg Graphic file (ty
pe jpg)
<use Hamiltonian_1/numerical/figs/Q5_1e-2.1e-3_3634_zoom2.jpg>
Package pdftex.def Info: Hamiltonian_1/numerical/figs/Q5_1e-2.1e-3_3634_zoom2.j
pg  used on input line 128.
(pdftex.def)             Requested size: 222.9078pt x 185.7565pt.
<Hamiltonian_1/numerical/figs/Q5_1e-3.1e-2_3634_zoom2.jpg, id=280, 476.53032pt 
x 390.70969pt>
File: Hamiltonian_1/numerical/figs/Q5_1e-3.1e-2_3634_zoom2.jpg Graphic file (ty
pe jpg)
<use Hamiltonian_1/numerical/figs/Q5_1e-3.1e-2_3634_zoom2.jpg>
Package pdftex.def Info: Hamiltonian_1/numerical/figs/Q5_1e-3.1e-2_3634_zoom2.j
pg  used on input line 134.
(pdftex.def)             Requested size: 223.96928pt x 183.63358pt.

Underfull \vbox (badness 10000) has occurred while \output is active []

 [15 <./Hamiltonian_1/numerical/figs/Q5_1e-3.1e-4_3634_zoom.jpg> <./Hamiltonian
_1/numerical/figs/Q5_1e-4.1e-3_3634_zoom.jpg> <./Hamiltonian_1/numerical/figs/Q
5_1e-3.1e-3_3634.jpg>]
<Hamiltonian_1/numerical/figs/Q5_1e-2.1e-2_3634.jpg, id=291, 702.625pt x 526.96
875pt>
File: Hamiltonian_1/numerical/figs/Q5_1e-2.1e-2_3634.jpg Graphic file (type jpg
)
<use Hamiltonian_1/numerical/figs/Q5_1e-2.1e-2_3634.jpg>
Package pdftex.def Info: Hamiltonian_1/numerical/figs/Q5_1e-2.1e-2_3634.jpg  us
ed on input line 145.
(pdftex.def)             Requested size: 421.57825pt x 316.18369pt.
 [16 <./Hamiltonian_1/numerical/figs/Q5_1e-2.1e-3_3634.jpg> <./Hamiltonian_1/nu
merical/figs/Q5_1e-3.1e-2_3634.jpg> <./Hamiltonian_1/numerical/figs/Q5_1e-2.1e-
3_3634_zoom1.jpg> <./Hamiltonian_1/numerical/figs/Q5_1e-3.1e-2_3634_zoom1.jpg> 
<./Hamiltonian_1/numerical/figs/Q5_1e-2.1e-3_3634_zoom2.jpg> <./Hamiltonian_1/n
umerical/figs/Q5_1e-3.1e-2_3634_zoom2.jpg>]
<Hamiltonian_1/numerical/figs/Q5_1e-2.1e-2_3634_zoom1.jpg, id=297, 702.625pt x 
526.96875pt>
File: Hamiltonian_1/numerical/figs/Q5_1e-2.1e-2_3634_zoom1.jpg Graphic file (ty
pe jpg)
<use Hamiltonian_1/numerical/figs/Q5_1e-2.1e-2_3634_zoom1.jpg>
Package pdftex.def Info: Hamiltonian_1/numerical/figs/Q5_1e-2.1e-2_3634_zoom1.j
pg  used on input line 154.
(pdftex.def)             Requested size: 175.6558pt x 131.74185pt.

Overfull \hbox (22.6904pt too wide) in paragraph at lines 154--156
 [][] 
 []

<Hamiltonian_1/numerical/figs/Q5_1e-2.1e-2_3634_zoom2.jpg, id=298, 702.625pt x 
526.96875pt>
File: Hamiltonian_1/numerical/figs/Q5_1e-2.1e-2_3634_zoom2.jpg Graphic file (ty
pe jpg)
<use Hamiltonian_1/numerical/figs/Q5_1e-2.1e-2_3634_zoom2.jpg>
Package pdftex.def Info: Hamiltonian_1/numerical/figs/Q5_1e-2.1e-2_3634_zoom2.j
pg  used on input line 161.
(pdftex.def)             Requested size: 175.6558pt x 131.74185pt.

Overfull \hbox (22.6904pt too wide) in paragraph at lines 161--163
 [][] 
 []

<Hamiltonian_1/numerical/figs/Q5_1e-2.1e-2_3634_zoom3.jpg, id=299, 702.625pt x 
526.96875pt>
File: Hamiltonian_1/numerical/figs/Q5_1e-2.1e-2_3634_zoom3.jpg Graphic file (ty
pe jpg)
<use Hamiltonian_1/numerical/figs/Q5_1e-2.1e-2_3634_zoom3.jpg>
Package pdftex.def Info: Hamiltonian_1/numerical/figs/Q5_1e-2.1e-2_3634_zoom3.j
pg  used on input line 169.
(pdftex.def)             Requested size: 175.6558pt x 131.74185pt.

Overfull \hbox (22.6904pt too wide) in paragraph at lines 169--170
 [][] 
 []

[17 <./Hamiltonian_1/numerical/figs/Q5_1e-2.1e-2_3634.jpg> <./Hamiltonian_1/num
erical/figs/Q5_1e-2.1e-2_3634_zoom1.jpg> <./Hamiltonian_1/numerical/figs/Q5_1e-
2.1e-2_3634_zoom2.jpg> <./Hamiltonian_1/numerical/figs/Q5_1e-2.1e-2_3634_zoom3.
jpg>]
<Hamiltonian_1/numerical/figs/Q5_dj_1e-4_res1.jpg, id=310, 702.625pt x 526.9687
5pt>
File: Hamiltonian_1/numerical/figs/Q5_dj_1e-4_res1.jpg Graphic file (type jpg)
<use Hamiltonian_1/numerical/figs/Q5_dj_1e-4_res1.jpg>
Package pdftex.def Info: Hamiltonian_1/numerical/figs/Q5_dj_1e-4_res1.jpg  used
 on input line 204.
(pdftex.def)             Requested size: 210.78912pt x 158.09184pt.
<Hamiltonian_1/numerical/figs/Q5_dj_1e-4_res2.jpg, id=311, 702.625pt x 526.9687
5pt>
File: Hamiltonian_1/numerical/figs/Q5_dj_1e-4_res2.jpg Graphic file (type jpg)
<use Hamiltonian_1/numerical/figs/Q5_dj_1e-4_res2.jpg>
Package pdftex.def Info: Hamiltonian_1/numerical/figs/Q5_dj_1e-4_res2.jpg  used
 on input line 210.
(pdftex.def)             Requested size: 210.78912pt x 158.09184pt.
<Hamiltonian_1/numerical/figs/Q5_dj_1e-3_res1.jpg, id=312, 702.625pt x 526.9687
5pt>
File: Hamiltonian_1/numerical/figs/Q5_dj_1e-3_res1.jpg Graphic file (type jpg)
<use Hamiltonian_1/numerical/figs/Q5_dj_1e-3_res1.jpg>
Package pdftex.def Info: Hamiltonian_1/numerical/figs/Q5_dj_1e-3_res1.jpg  used
 on input line 218.
(pdftex.def)             Requested size: 210.78912pt x 158.09184pt.
<Hamiltonian_1/numerical/figs/Q5_dj_1e-3_res2.jpg, id=313, 702.625pt x 526.9687
5pt>
File: Hamiltonian_1/numerical/figs/Q5_dj_1e-3_res2.jpg Graphic file (type jpg)
<use Hamiltonian_1/numerical/figs/Q5_dj_1e-3_res2.jpg>
Package pdftex.def Info: Hamiltonian_1/numerical/figs/Q5_dj_1e-3_res2.jpg  used
 on input line 225.
(pdftex.def)             Requested size: 210.78912pt x 158.09184pt.
) [18 <./Hamiltonian_1/numerical/figs/Q5_dj_1e-4_res1.jpg> <./Hamiltonian_1/num
erical/figs/Q5_dj_1e-4_res2.jpg> <./Hamiltonian_1/numerical/figs/Q5_dj_1e-3_res
1.jpg> <./Hamiltonian_1/numerical/figs/Q5_dj_1e-3_res2.jpg>] [19


]
(f_report.aux (Theory/theory.aux) (Hamiltonian_1/ham01.aux)
(Hamiltonian_1/numerical/numer.aux))
Package rerunfilecheck Info: File `f_report.out' has not changed.
(rerunfilecheck)             Checksum: 48BC449CA58632C3BA4A2597B79F8061;1015.
 ) 
Here is how much of TeX's memory you used:
 21035 strings out of 475285
 397705 string characters out of 2774119
 813149 words of memory out of 3000000
 41988 multiletter control sequences out of 15000+600000
 490275 words of font info for 104 fonts, out of 8000000 for 9000
 1141 hyphenation exceptions out of 8191
 72i,20n,78p,581b,657s stack positions out of 10000i,1000n,20000p,200000b,80000s
 <C:\Users\ssppy\AppData\Local\MiKTeX\fonts/pk/ljfour/public/esint/dpi657\esi
nt10.pk> <C:\Users\ssppy\AppData\Local\MiKTeX\fonts/pk/ljfour/jknappen/ec/dpi60
0\tcrm1095.pk><C:/Users/ssppy/AppData/Local/Programs/MiKTeX/fonts/type1/public/
amsfonts/cm/cmbx10.pfb><C:/Users/ssppy/AppData/Local/Programs/MiKTeX/fonts/type
1/public/amsfonts/cm/cmbx12.pfb><C:/Users/ssppy/AppData/Local/Programs/MiKTeX/f
onts/type1/public/amsfonts/cm/cmbx6.pfb><C:/Users/ssppy/AppData/Local/Programs/
MiKTeX/fonts/type1/public/amsfonts/cm/cmbx8.pfb><C:/Users/ssppy/AppData/Local/P
rograms/MiKTeX/fonts/type1/public/amsfonts/cm/cmex10.pfb><C:/Users/ssppy/AppDat
a/Local/Programs/MiKTeX/fonts/type1/public/amsfonts/cm/cmmi10.pfb><C:/Users/ssp
py/AppData/Local/Programs/MiKTeX/fonts/type1/public/amsfonts/cm/cmmi6.pfb><C:/U
sers/ssppy/AppData/Local/Programs/MiKTeX/fonts/type1/public/amsfonts/cm/cmmi7.p
fb><C:/Users/ssppy/AppData/Local/Programs/MiKTeX/fonts/type1/public/amsfonts/cm
/cmmi8.pfb><C:/Users/ssppy/AppData/Local/Programs/MiKTeX/fonts/type1/public/ams
fonts/cm/cmmi9.pfb><C:/Users/ssppy/AppData/Local/Programs/MiKTeX/fonts/type1/pu
blic/amsfonts/cm/cmmib10.pfb><C:/Users/ssppy/AppData/Local/Programs/MiKTeX/font
s/type1/public/amsfonts/cmextra/cmmib6.pfb><C:/Users/ssppy/AppData/Local/Progra
ms/MiKTeX/fonts/type1/public/amsfonts/cmextra/cmmib8.pfb><C:/Users/ssppy/AppDat
a/Local/Programs/MiKTeX/fonts/type1/public/amsfonts/cm/cmr10.pfb><C:/Users/sspp
y/AppData/Local/Programs/MiKTeX/fonts/type1/public/amsfonts/cm/cmr12.pfb><C:/Us
ers/ssppy/AppData/Local/Programs/MiKTeX/fonts/type1/public/amsfonts/cm/cmr6.pfb
><C:/Users/ssppy/AppData/Local/Programs/MiKTeX/fonts/type1/public/amsfonts/cm/c
mr7.pfb><C:/Users/ssppy/AppData/Local/Programs/MiKTeX/fonts/type1/public/amsfon
ts/cm/cmr8.pfb><C:/Users/ssppy/AppData/Local/Programs/MiKTeX/fonts/type1/public
/amsfonts/cm/cmr9.pfb><C:/Users/ssppy/AppData/Local/Programs/MiKTeX/fonts/type1
/public/amsfonts/cm/cmsl12.pfb><C:/Users/ssppy/AppData/Local/Programs/MiKTeX/fo
nts/type1/public/amsfonts/cm/cmsl9.pfb><C:/Users/ssppy/AppData/Local/Programs/M
iKTeX/fonts/type1/public/amsfonts/cm/cmsy10.pfb><C:/Users/ssppy/AppData/Local/P
rograms/MiKTeX/fonts/type1/public/amsfonts/cm/cmsy7.pfb><C:/Users/ssppy/AppData
/Local/Programs/MiKTeX/fonts/type1/public/amsfonts/cm/cmsy8.pfb><C:/Users/ssppy
/AppData/Local/Programs/MiKTeX/fonts/type1/public/amsfonts/cm/cmsy9.pfb><C:/Use
rs/ssppy/AppData/Local/Programs/MiKTeX/fonts/type1/public/amsfonts/cm/cmti10.pf
b><C:/Users/ssppy/AppData/Local/Programs/MiKTeX/fonts/type1/public/amsfonts/cm/
cmti12.pfb><C:/Users/ssppy/AppData/Local/Programs/MiKTeX/fonts/type1/public/ams
fonts/cm/cmtt10.pfb><C:/Users/ssppy/AppData/Local/Programs/MiKTeX/fonts/type1/p
ublic/cbgreek/grmn1095.pfb><C:/Users/ssppy/AppData/Local/Programs/MiKTeX/fonts/
type1/public/cbgreek/grmn1200.pfb><C:/Users/ssppy/AppData/Local/Programs/MiKTeX
/fonts/type1/public/cbgreek/grxn1440.pfb><C:/Users/ssppy/AppData/Local/Programs
/MiKTeX/fonts/type1/public/amsfonts/latxfont/line10.pfb><C:/Users/ssppy/AppData
/Local/Programs/MiKTeX/fonts/type1/public/amsfonts/symbols/msbm10.pfb>
Output written on f_report.pdf (19 pages, 3614305 bytes).
PDF statistics:
 491 PDF objects out of 1000 (max. 8388607)
 99 named destinations out of 1000 (max. 500000)
 164 words of extra memory for PDF output out of 10000 (max. 10000000)

